0 info it worked if it ends with ok
1 verbose cli [ '/Users/victor/.nvm/versions/node/v5.10.1/bin/node',
1 verbose cli   '/Users/victor/.nvm/versions/node/v5.10.1/bin/npm',
1 verbose cli   'start' ]
2 info using npm@3.8.7
3 info using node@v5.10.1
4 verbose run-script [ 'prestart', 'start', 'poststart' ]
5 info lifecycle calculator@1.0.0~prestart: calculator@1.0.0
6 silly lifecycle calculator@1.0.0~prestart: no script for prestart, continuing
7 info lifecycle calculator@1.0.0~start: calculator@1.0.0
8 verbose lifecycle calculator@1.0.0~start: unsafe-perm in lifecycle true
9 verbose lifecycle calculator@1.0.0~start: PATH: /Users/victor/.nvm/versions/node/v5.10.1/lib/node_modules/npm/bin/node-gyp-bin:/Users/victor/work/dylan/calculator/node_modules/.bin:/Users/victor/.nvm/versions/node/v5.10.1/bin:/Users/victor/.nvm/versions/node/v5.10.1/bin:/Users/victor/.rbenv/shims:/Users/victor/.rbenv/bin:/Users/victor/.rbenv/shims:/Users/victor/.rbenv/bin:/usr/local/bin:/usr/local/sbin:/usr/bin:/bin:/usr/sbin:/sbin:/opt/X11/bin
10 verbose lifecycle calculator@1.0.0~start: CWD: /Users/victor/work/dylan/calculator
11 silly lifecycle calculator@1.0.0~start: Args: [ '-c', 'node devServer.js' ]
12 silly lifecycle calculator@1.0.0~start: Returned: code: 1  signal: null
13 info lifecycle calculator@1.0.0~start: Failed to exec start script
14 verbose stack Error: calculator@1.0.0 start: `node devServer.js`
14 verbose stack Exit status 1
14 verbose stack     at EventEmitter.<anonymous> (/Users/victor/.nvm/versions/node/v5.10.1/lib/node_modules/npm/lib/utils/lifecycle.js:244:16)
14 verbose stack     at emitTwo (events.js:100:13)
14 verbose stack     at EventEmitter.emit (events.js:185:7)
14 verbose stack     at ChildProcess.<anonymous> (/Users/victor/.nvm/versions/node/v5.10.1/lib/node_modules/npm/lib/utils/spawn.js:24:14)
14 verbose stack     at emitTwo (events.js:100:13)
14 verbose stack     at ChildProcess.emit (events.js:185:7)
14 verbose stack     at maybeClose (internal/child_process.js:850:16)
14 verbose stack     at Process.ChildProcess._handle.onexit (internal/child_process.js:215:5)
15 verbose pkgid calculator@1.0.0
16 verbose cwd /Users/victor/work/dylan/calculator
17 error Darwin 15.4.0
18 error argv "/Users/victor/.nvm/versions/node/v5.10.1/bin/node" "/Users/victor/.nvm/versions/node/v5.10.1/bin/npm" "start"
19 error node v5.10.1
20 error npm  v3.8.7
21 error code ELIFECYCLE
22 error calculator@1.0.0 start: `node devServer.js`
22 error Exit status 1
23 error Failed at the calculator@1.0.0 start script 'node devServer.js'.
23 error Make sure you have the latest version of node.js and npm installed.
23 error If you do, this is most likely a problem with the calculator package,
23 error not with npm itself.
23 error Tell the author that this fails on your system:
23 error     node devServer.js
23 error You can get information on how to open an issue for this project with:
23 error     npm bugs calculator
23 error Or if that isn't available, you can get their info via:
23 error     npm owner ls calculator
23 error There is likely additional logging output above.
24 verbose exit [ 1, true ]
